GET - / - Wed, 08 Nov 2023 06:15:57 GMT - 16.501 ms
GET - /favicon.ico - Wed, 08 Nov 2023 06:15:59 GMT - 6.731 ms
GET - /mockServiceWorker.js - Wed, 08 Nov 2023 06:16:01 GMT - 1.473 ms
GET - /admin/login - Wed, 08 Nov 2023 06:16:58 GMT - 42693.383 ms
GET - /mockServiceWorker.js - Wed, 08 Nov 2023 06:16:58 GMT - 1.662 ms
GET - /admin/login - Wed, 08 Nov 2023 06:18:15 GMT - 26.246 ms
GET - /assets/js/main.js - Wed, 08 Nov 2023 06:18:15 GMT - 24.050 ms
GET - /assets/css/style.css - Wed, 08 Nov 2023 06:18:15 GMT - 36.995 ms
GET - /mockServiceWorker.js - Wed, 08 Nov 2023 06:18:18 GMT - 6.763 ms
GET - /mockServiceWorker.js - Wed, 08 Nov 2023 06:18:47 GMT - 2.522 ms
GET - /assets/css/style.css - Wed, 08 Nov 2023 06:56:33 GMT - 60.455 ms
GET - /assets/js/main.js - Wed, 08 Nov 2023 06:56:33 GMT - 67.464 ms
GET - /mockServiceWorker.js - Wed, 08 Nov 2023 06:56:37 GMT - 10.033 ms
POST - /admin/login - Wed, 08 Nov 2023 06:56:45 GMT - 194.327 ms
GET - /admin/dashboard - Wed, 08 Nov 2023 06:56:51 GMT - 5285.708 ms
GET - /assets/css/style.css - Wed, 08 Nov 2023 06:56:51 GMT - 8.262 ms
GET - /mockServiceWorker.js - Wed, 08 Nov 2023 06:56:53 GMT - 7.613 ms
GET - /admin/logout - Wed, 08 Nov 2023 06:57:03 GMT - 6.920 ms
GET - /admin/login - Wed, 08 Nov 2023 06:57:03 GMT - 29.975 ms
GET - /assets/css/style.css - Wed, 08 Nov 2023 06:57:03 GMT - 2.861 ms
GET - /assets/js/main.js - Wed, 08 Nov 2023 06:57:03 GMT - 3.545 ms
GET - /mockServiceWorker.js - Wed, 08 Nov 2023 06:57:05 GMT - 0.956 ms
GET - /admin/dashboard - Wed, 08 Nov 2023 06:57:08 GMT - 60.092 ms
GET - /assets/css/style.css - Wed, 08 Nov 2023 06:57:08 GMT - 1.719 ms
GET - /mockServiceWorker.js - Wed, 08 Nov 2023 06:57:10 GMT - 1.443 ms
GET - /admin/logout - Wed, 08 Nov 2023 06:57:37 GMT - 4.467 ms
GET - /admin/login - Wed, 08 Nov 2023 06:57:37 GMT - 23.448 ms
GET - /assets/css/style.css - Wed, 08 Nov 2023 06:57:37 GMT - 5.972 ms
GET - /assets/js/main.js - Wed, 08 Nov 2023 06:57:37 GMT - 1.156 ms
GET - /mockServiceWorker.js - Wed, 08 Nov 2023 06:57:39 GMT - 1.685 ms
GET - /admin/dashboard - Wed, 08 Nov 2023 06:57:46 GMT - 63.580 ms
GET - /assets/css/style.css - Wed, 08 Nov 2023 06:57:46 GMT - 1.159 ms
GET - /mockServiceWorker.js - Wed, 08 Nov 2023 06:57:48 GMT - 0.655 ms
GET - /admin/logout - Wed, 08 Nov 2023 06:57:48 GMT - 3.001 ms
GET - /admin/login - Wed, 08 Nov 2023 06:57:48 GMT - 26.740 ms
GET - /assets/css/style.css - Wed, 08 Nov 2023 06:57:48 GMT - 1.320 ms
GET - /assets/js/main.js - Wed, 08 Nov 2023 06:57:48 GMT - 2.538 ms
GET - /mockServiceWorker.js - Wed, 08 Nov 2023 06:57:50 GMT - 0.645 ms
GET - /mockServiceWorker.js - Wed, 08 Nov 2023 06:58:19 GMT - 1.392 ms
GET - /admin/dashboard - Wed, 08 Nov 2023 06:59:46 GMT - 2461.939 ms
GET - /assets/css/style.css - Wed, 08 Nov 2023 06:59:46 GMT - 6.220 ms
GET - /mockServiceWorker.js - Wed, 08 Nov 2023 06:59:48 GMT - 17.127 ms
GET - /mockServiceWorker.js - Wed, 08 Nov 2023 07:00:17 GMT - 5.060 ms
GET - / - Wed, 08 Nov 2023 07:02:44 GMT - 5.830 ms
GET - /mockServiceWorker.js - Wed, 08 Nov 2023 07:02:48 GMT - 10.689 ms
GET - /admin/login - Wed, 08 Nov 2023 07:02:59 GMT - 3940.159 ms
GET - /assets/css/style.css - Wed, 08 Nov 2023 07:02:59 GMT - 14.745 ms
GET - /assets/js/main.js - Wed, 08 Nov 2023 07:02:59 GMT - 6.064 ms
GET - /mockServiceWorker.js - Wed, 08 Nov 2023 07:03:01 GMT - 3.499 ms
GET - /admin/dashboard - Wed, 08 Nov 2023 07:03:07 GMT - 75.654 ms
GET - /assets/css/style.css - Wed, 08 Nov 2023 07:03:07 GMT - 1.077 ms
GET - /mockServiceWorker.js - Wed, 08 Nov 2023 07:03:09 GMT - 0.884 ms
POST - /admin/login - Wed, 08 Nov 2023 07:03:14 GMT - 103.884 ms
GET - /admin/dashboard - Wed, 08 Nov 2023 07:03:14 GMT - 56.160 ms
GET - /assets/css/style.css - Wed, 08 Nov 2023 07:03:14 GMT - 1.261 ms
GET - /mockServiceWorker.js - Wed, 08 Nov 2023 07:03:14 GMT - 1.063 ms
GET - /mockServiceWorker.js - Wed, 08 Nov 2023 07:03:16 GMT - 0.389 ms
GET - /admin/logout - Wed, 08 Nov 2023 07:03:18 GMT - 8.178 ms
GET - /admin/login - Wed, 08 Nov 2023 07:03:18 GMT - 26.854 ms
GET - /assets/css/style.css - Wed, 08 Nov 2023 07:03:18 GMT - 2.008 ms
GET - /assets/js/main.js - Wed, 08 Nov 2023 07:03:18 GMT - 1.304 ms
GET - /mockServiceWorker.js - Wed, 08 Nov 2023 07:03:20 GMT - 0.963 ms
GET - /admin/dashboard - Wed, 08 Nov 2023 07:03:24 GMT - 53.792 ms
GET - /assets/css/style.css - Wed, 08 Nov 2023 07:03:24 GMT - 1.403 ms
GET - /mockServiceWorker.js - Wed, 08 Nov 2023 07:03:26 GMT - 0.377 ms
GET - /mockServiceWorker.js - Wed, 08 Nov 2023 07:03:55 GMT - 3.019 ms
GET - /mockServiceWorker.js - Wed, 08 Nov 2023 07:04:50 GMT - 1.073 ms
POST - /admin/login - Wed, 08 Nov 2023 07:04:55 GMT - 9.281 ms
GET - /admin/login - Wed, 08 Nov 2023 07:04:55 GMT - 28.069 ms
GET - /assets/css/style.css - Wed, 08 Nov 2023 07:04:55 GMT - 0.685 ms
GET - /assets/js/main.js - Wed, 08 Nov 2023 07:04:55 GMT - 2.761 ms
POST - /admin/login - Wed, 08 Nov 2023 07:04:56 GMT - 5.253 ms
GET - /admin/dashboard - Wed, 08 Nov 2023 07:04:56 GMT - 63.084 ms
GET - /assets/css/style.css - Wed, 08 Nov 2023 07:04:56 GMT - 0.846 ms
GET - /mockServiceWorker.js - Wed, 08 Nov 2023 07:04:57 GMT - 0.592 ms
GET - /mockServiceWorker.js - Wed, 08 Nov 2023 07:04:58 GMT - 0.973 ms
GET - /admin/logout - Wed, 08 Nov 2023 07:04:59 GMT - 1.845 ms
GET - /admin/login - Wed, 08 Nov 2023 07:04:59 GMT - 26.233 ms
GET - /assets/css/style.css - Wed, 08 Nov 2023 07:04:59 GMT - 4.473 ms
GET - /assets/js/main.js - Wed, 08 Nov 2023 07:04:59 GMT - 3.891 ms
GET - /mockServiceWorker.js - Wed, 08 Nov 2023 07:05:01 GMT - 1.329 ms
GET - /mockServiceWorker.js - Wed, 08 Nov 2023 07:05:31 GMT - 1.825 ms
GET - /admin/login - Wed, 08 Nov 2023 07:08:56 GMT - 3451.366 ms
GET - /assets/css/style.css - Wed, 08 Nov 2023 07:08:56 GMT - 15.332 ms
GET - /assets/js/main.js - Wed, 08 Nov 2023 07:08:56 GMT - 5.181 ms
GET - /mockServiceWorker.js - Wed, 08 Nov 2023 07:08:58 GMT - 5.525 ms
GET - /admin/dashboard - Wed, 08 Nov 2023 07:09:02 GMT - 82.177 ms
GET - /assets/css/style.css - Wed, 08 Nov 2023 07:09:02 GMT - 1.645 ms
GET - /mockServiceWorker.js - Wed, 08 Nov 2023 07:09:04 GMT - 4.515 ms
GET - /admin/logout - Wed, 08 Nov 2023 07:09:05 GMT - 7.610 ms
GET - /admin/login - Wed, 08 Nov 2023 07:09:05 GMT - 19.843 ms
GET - /assets/css/style.css - Wed, 08 Nov 2023 07:09:05 GMT - 6.302 ms
GET - /assets/js/main.js - Wed, 08 Nov 2023 07:09:05 GMT - 6.028 ms
POST - /admin/login - Wed, 08 Nov 2023 07:09:07 GMT - 143.594 ms
GET - /admin/dashboard - Wed, 08 Nov 2023 07:09:07 GMT - 59.176 ms
GET - /mockServiceWorker.js - Wed, 08 Nov 2023 07:09:07 GMT - 2.400 ms
GET - /assets/css/style.css - Wed, 08 Nov 2023 07:09:07 GMT - 7.024 ms
GET - /mockServiceWorker.js - Wed, 08 Nov 2023 07:09:09 GMT - 0.500 ms
GET - /admin/login - Wed, 08 Nov 2023 07:09:15 GMT - 24.261 ms
GET - /assets/css/style.css - Wed, 08 Nov 2023 07:09:15 GMT - 6.170 ms
GET - /assets/js/main.js - Wed, 08 Nov 2023 07:09:15 GMT - 1.213 ms
GET - /mockServiceWorker.js - Wed, 08 Nov 2023 07:09:17 GMT - 1.957 ms
POST - /admin/login - Wed, 08 Nov 2023 07:09:19 GMT - 7.685 ms
GET - /admin/dashboard - Wed, 08 Nov 2023 07:09:19 GMT - 57.814 ms
GET - /assets/css/style.css - Wed, 08 Nov 2023 07:09:19 GMT - 1.357 ms
GET - /mockServiceWorker.js - Wed, 08 Nov 2023 07:09:21 GMT - 0.972 ms
GET - /mockServiceWorker.js - Wed, 08 Nov 2023 07:09:50 GMT - 0.639 ms
GET - /admin/dashboard - Wed, 08 Nov 2023 07:10:04 GMT - 2376.972 ms
GET - /assets/css/style.css - Wed, 08 Nov 2023 07:10:04 GMT - 9.552 ms
GET - /mockServiceWorker.js - Wed, 08 Nov 2023 07:10:06 GMT - 5.891 ms
GET - /admin/logout - Wed, 08 Nov 2023 07:10:06 GMT - 9.748 ms
GET - /admin/login - Wed, 08 Nov 2023 07:10:06 GMT - 18.482 ms
GET - /assets/css/style.css - Wed, 08 Nov 2023 07:10:06 GMT - 6.425 ms
GET - /assets/js/main.js - Wed, 08 Nov 2023 07:10:06 GMT - 1.655 ms
GET - /mockServiceWorker.js - Wed, 08 Nov 2023 07:10:08 GMT - 2.389 ms
GET - /admin/dashboard - Wed, 08 Nov 2023 07:10:12 GMT - 44.185 ms
GET - /assets/css/style.css - Wed, 08 Nov 2023 07:10:12 GMT - 1.694 ms
GET - /mockServiceWorker.js - Wed, 08 Nov 2023 07:10:14 GMT - 1.274 ms
GET - /admin/logout - Wed, 08 Nov 2023 07:10:17 GMT - 4.688 ms
GET - /admin/login - Wed, 08 Nov 2023 07:10:17 GMT - 22.317 ms
GET - /assets/css/style.css - Wed, 08 Nov 2023 07:10:17 GMT - 4.012 ms
GET - /assets/js/main.js - Wed, 08 Nov 2023 07:10:17 GMT - 4.410 ms
POST - /admin/login - Wed, 08 Nov 2023 07:10:19 GMT - 61.332 ms
GET - /admin/dashboard - Wed, 08 Nov 2023 07:10:19 GMT - 43.019 ms
GET - /assets/css/style.css - Wed, 08 Nov 2023 07:10:19 GMT - 1.394 ms
GET - /mockServiceWorker.js - Wed, 08 Nov 2023 07:10:19 GMT - 0.413 ms
GET - /mockServiceWorker.js - Wed, 08 Nov 2023 07:10:21 GMT - 0.456 ms
GET - /admin/logout - Wed, 08 Nov 2023 07:10:21 GMT - 3.730 ms
GET - /admin/login - Wed, 08 Nov 2023 07:10:21 GMT - 14.612 ms
GET - /assets/css/style.css - Wed, 08 Nov 2023 07:10:21 GMT - 2.322 ms
GET - /assets/js/main.js - Wed, 08 Nov 2023 07:10:21 GMT - 5.492 ms
GET - /mockServiceWorker.js - Wed, 08 Nov 2023 07:10:23 GMT - 1.472 ms
GET - /admin/dashboard - Wed, 08 Nov 2023 07:10:28 GMT - 64.626 ms
GET - /assets/css/style.css - Wed, 08 Nov 2023 07:10:28 GMT - 1.281 ms
GET - /mockServiceWorker.js - Wed, 08 Nov 2023 07:10:30 GMT - 0.531 ms
GET - /assets/css/style.css - Wed, 08 Nov 2023 07:10:32 GMT - 191.892 ms
GET - /admin/dashboard - Wed, 08 Nov 2023 07:10:32 GMT - 184.647 ms
GET - /mockServiceWorker.js - Wed, 08 Nov 2023 07:15:03 GMT - 2.569 ms
GET - /mockServiceWorker.js - Wed, 08 Nov 2023 07:20:33 GMT - 2.394 ms
GET - /mockServiceWorker.js - Wed, 08 Nov 2023 07:26:03 GMT - 6.400 ms
GET - /mockServiceWorker.js - Wed, 08 Nov 2023 07:31:33 GMT - 6.246 ms
GET - /mockServiceWorker.js - Wed, 08 Nov 2023 07:37:03 GMT - 0.755 ms
GET - /mockServiceWorker.js - Wed, 08 Nov 2023 07:42:33 GMT - 2.093 ms
GET - /mockServiceWorker.js - Wed, 08 Nov 2023 07:48:03 GMT - 3.876 ms
GET - /admin/dashboard - Wed, 08 Nov 2023 07:58:00 GMT - 83.005 ms
GET - /admin/login - Wed, 08 Nov 2023 07:58:05 GMT - 5216.675 ms
GET - /assets/css/style.css - Wed, 08 Nov 2023 07:58:05 GMT - 22.108 ms
GET - /assets/js/main.js - Wed, 08 Nov 2023 07:58:05 GMT - 15.177 ms
GET - /mockServiceWorker.js - Wed, 08 Nov 2023 07:58:08 GMT - 8.427 ms
POST - /admin/login - Wed, 08 Nov 2023 07:58:09 GMT - 138.593 ms
GET - /admin/dashboard - Wed, 08 Nov 2023 07:58:09 GMT - 87.872 ms
GET - /assets/css/style.css - Wed, 08 Nov 2023 07:58:09 GMT - 3.611 ms
GET - /mockServiceWorker.js - Wed, 08 Nov 2023 07:58:11 GMT - 1.440 ms
GET - /admin/login - Wed, 08 Nov 2023 07:58:17 GMT - 24.507 ms
GET - /assets/css/style.css - Wed, 08 Nov 2023 07:58:17 GMT - 4.643 ms
GET - /assets/js/main.js - Wed, 08 Nov 2023 07:58:17 GMT - 4.193 ms
GET - /mockServiceWorker.js - Wed, 08 Nov 2023 07:58:19 GMT - 1.217 ms
GET - /admin/dashboard - Wed, 08 Nov 2023 07:58:24 GMT - 57.400 ms
GET - /assets/css/style.css - Wed, 08 Nov 2023 07:58:24 GMT - 2.820 ms
GET - /admin/logout - Wed, 08 Nov 2023 07:58:26 GMT - 5.336 ms
GET - /admin/login - Wed, 08 Nov 2023 07:58:26 GMT - 21.481 ms
GET - /assets/css/style.css - Wed, 08 Nov 2023 07:58:26 GMT - 5.471 ms
GET - /assets/js/main.js - Wed, 08 Nov 2023 07:58:26 GMT - 1.080 ms
GET - /mockServiceWorker.js - Wed, 08 Nov 2023 07:58:26 GMT - 0.709 ms
GET - /mockServiceWorker.js - Wed, 08 Nov 2023 07:58:28 GMT - 0.916 ms
GET - /admin/dashboard - Wed, 08 Nov 2023 07:58:30 GMT - 5.835 ms
GET - /admin/login - Wed, 08 Nov 2023 07:58:30 GMT - 27.361 ms
GET - /assets/css/style.css - Wed, 08 Nov 2023 07:58:30 GMT - 1.967 ms
GET - /assets/js/main.js - Wed, 08 Nov 2023 07:58:30 GMT - 1.632 ms
GET - /mockServiceWorker.js - Wed, 08 Nov 2023 07:58:32 GMT - 0.504 ms
GET - /mockServiceWorker.js - Wed, 08 Nov 2023 07:59:02 GMT - 0.458 ms
GET - / - Wed, 08 Nov 2023 15:15:26 GMT - 20.633 ms
GET - /mockServiceWorker.js - Wed, 08 Nov 2023 15:15:30 GMT - 12.424 ms
GET - /mockServiceWorker.js - Wed, 08 Nov 2023 15:15:59 GMT - 2.185 ms
GET - /mockServiceWorker.js - Wed, 08 Nov 2023 15:34:00 GMT - 5.816 ms
GET - /admin/login - Wed, 08 Nov 2023 15:34:09 GMT - 5597.249 ms
GET - /assets/css/style.css - Wed, 08 Nov 2023 15:34:09 GMT - 15.476 ms
GET - /assets/js/main.js - Wed, 08 Nov 2023 15:34:09 GMT - 14.128 ms
GET - /mockServiceWorker.js - Wed, 08 Nov 2023 15:34:11 GMT - 3.162 ms
GET - /admin/dashboard - Wed, 08 Nov 2023 15:34:15 GMT - 10.627 ms
GET - /admin/login - Wed, 08 Nov 2023 15:34:15 GMT - 24.115 ms
GET - /assets/css/style.css - Wed, 08 Nov 2023 15:34:15 GMT - 3.125 ms
GET - /assets/js/main.js - Wed, 08 Nov 2023 15:34:15 GMT - 4.385 ms
GET - /mockServiceWorker.js - Wed, 08 Nov 2023 15:34:17 GMT - 0.785 ms
POST - /admin/login - Wed, 08 Nov 2023 15:34:18 GMT - 150.163 ms
GET - /admin/dashboard - Wed, 08 Nov 2023 15:34:18 GMT - 89.373 ms
GET - /assets/css/style.css - Wed, 08 Nov 2023 15:34:18 GMT - 2.738 ms
GET - /mockServiceWorker.js - Wed, 08 Nov 2023 15:34:20 GMT - 0.558 ms
GET - /mockServiceWorker.js - Wed, 08 Nov 2023 15:34:50 GMT - 0.481 ms
GET - /assets/css/style.css - Wed, 08 Nov 2023 15:36:19 GMT - 13.409 ms
GET - /admin/dashboard - Wed, 08 Nov 2023 15:36:19 GMT - 19.128 ms
GET - /admin/login - Wed, 08 Nov 2023 15:36:25 GMT - 3914.353 ms
GET - /admin/logout - Wed, 08 Nov 2023 15:36:49 GMT - 21.456 ms
GET - /mockServiceWorker.js - Wed, 08 Nov 2023 15:36:53 GMT - 0.854 ms
GET - /admin/login - Wed, 08 Nov 2023 15:36:57 GMT - 33.736 ms
GET - /assets/css/style.css - Wed, 08 Nov 2023 15:36:57 GMT - 9.272 ms
GET - /assets/js/main.js - Wed, 08 Nov 2023 15:36:57 GMT - 8.933 ms
GET - /mockServiceWorker.js - Wed, 08 Nov 2023 15:37:00 GMT - 0.562 ms
POST - /admin/login - Wed, 08 Nov 2023 15:37:03 GMT - 108.480 ms
GET - /admin/dashboard - Wed, 08 Nov 2023 15:37:03 GMT - 75.865 ms
GET - /assets/css/style.css - Wed, 08 Nov 2023 15:37:03 GMT - 3.654 ms
GET - /mockServiceWorker.js - Wed, 08 Nov 2023 15:37:06 GMT - 0.725 ms
GET - /mockServiceWorker.js - Wed, 08 Nov 2023 15:41:20 GMT - 13.251 ms
GET - /admin/logout - Wed, 08 Nov 2023 15:41:56 GMT - 33.136 ms
GET - /admin/logout - Wed, 08 Nov 2023 15:41:56 GMT - 7.739 ms
GET - /admin/logout - Wed, 08 Nov 2023 15:41:56 GMT - 2.410 ms
GET - /admin/logout - Wed, 08 Nov 2023 15:41:56 GMT - 4.269 ms
GET - /admin/logout - Wed, 08 Nov 2023 15:41:56 GMT - 2.452 ms
GET - /admin/logout - Wed, 08 Nov 2023 15:41:56 GMT - 1.952 ms
GET - /admin/logout - Wed, 08 Nov 2023 15:41:56 GMT - 2.132 ms
GET - /admin/logout - Wed, 08 Nov 2023 15:41:56 GMT - 4.480 ms
GET - /admin/logout - Wed, 08 Nov 2023 15:41:56 GMT - 3.515 ms
GET - /admin/logout - Wed, 08 Nov 2023 15:41:56 GMT - 5.462 ms
GET - /admin/logout - Wed, 08 Nov 2023 15:41:56 GMT - 6.184 ms
GET - /admin/logout - Wed, 08 Nov 2023 15:41:56 GMT - 1.923 ms
GET - /admin/logout - Wed, 08 Nov 2023 15:41:56 GMT - 2.961 ms
GET - /admin/logout - Wed, 08 Nov 2023 15:41:56 GMT - 2.069 ms
GET - /admin/logout - Wed, 08 Nov 2023 15:41:56 GMT - 1.979 ms
GET - /admin/logout - Wed, 08 Nov 2023 15:41:56 GMT - 2.113 ms
GET - /admin/logout - Wed, 08 Nov 2023 15:41:56 GMT - 1.909 ms
GET - /admin/logout - Wed, 08 Nov 2023 15:41:56 GMT - 2.568 ms
GET - /admin/logout - Wed, 08 Nov 2023 15:41:56 GMT - 1.857 ms
GET - /admin/logout - Wed, 08 Nov 2023 15:41:56 GMT - 2.118 ms
GET - /mockServiceWorker.js - Wed, 08 Nov 2023 15:41:58 GMT - 4.346 ms
GET - /admin/logout - Wed, 08 Nov 2023 15:41:58 GMT - 3.229 ms
GET - /admin/logout - Wed, 08 Nov 2023 15:41:58 GMT - 2.139 ms
GET - /admin/logout - Wed, 08 Nov 2023 15:41:58 GMT - 1.848 ms
GET - /admin/logout - Wed, 08 Nov 2023 15:41:58 GMT - 2.269 ms
GET - /admin/logout - Wed, 08 Nov 2023 15:41:58 GMT - 2.370 ms
GET - /admin/logout - Wed, 08 Nov 2023 15:41:58 GMT - 3.874 ms
GET - /admin/logout - Wed, 08 Nov 2023 15:41:58 GMT - 1.154 ms
GET - /admin/logout - Wed, 08 Nov 2023 15:41:58 GMT - 2.711 ms
GET - /admin/logout - Wed, 08 Nov 2023 15:41:58 GMT - 2.381 ms
GET - /admin/logout - Wed, 08 Nov 2023 15:41:58 GMT - 1.530 ms
GET - /admin/logout - Wed, 08 Nov 2023 15:41:58 GMT - 1.531 ms
GET - /admin/logout - Wed, 08 Nov 2023 15:41:58 GMT - 1.917 ms
GET - /admin/logout - Wed, 08 Nov 2023 15:41:58 GMT - 1.138 ms
GET - /admin/logout - Wed, 08 Nov 2023 15:41:58 GMT - 2.181 ms
GET - /admin/logout - Wed, 08 Nov 2023 15:41:58 GMT - 1.127 ms
GET - /admin/logout - Wed, 08 Nov 2023 15:41:58 GMT - 1.788 ms
GET - /admin/logout - Wed, 08 Nov 2023 15:41:58 GMT - 1.673 ms
GET - /admin/logout - Wed, 08 Nov 2023 15:41:58 GMT - 1.735 ms
GET - /admin/logout - Wed, 08 Nov 2023 15:41:58 GMT - 2.307 ms
GET - /admin/logout - Wed, 08 Nov 2023 15:41:58 GMT - 1.530 ms
GET - /mockServiceWorker.js - Wed, 08 Nov 2023 15:41:59 GMT - 2.502 ms
GET - /admin/logout - Wed, 08 Nov 2023 15:42:01 GMT - 3.433 ms
GET - /admin/logout - Wed, 08 Nov 2023 15:42:01 GMT - 3.136 ms
GET - /admin/logout - Wed, 08 Nov 2023 15:42:01 GMT - 2.644 ms
GET - /admin/logout - Wed, 08 Nov 2023 15:42:01 GMT - 2.629 ms
GET - /admin/logout - Wed, 08 Nov 2023 15:42:01 GMT - 1.644 ms
GET - /admin/logout - Wed, 08 Nov 2023 15:42:01 GMT - 1.764 ms
GET - /admin/logout - Wed, 08 Nov 2023 15:42:01 GMT - 1.841 ms
GET - /admin/logout - Wed, 08 Nov 2023 15:42:01 GMT - 1.923 ms
GET - /admin/logout - Wed, 08 Nov 2023 15:42:01 GMT - 1.472 ms
GET - /admin/logout - Wed, 08 Nov 2023 15:42:01 GMT - 3.600 ms
GET - /admin/logout - Wed, 08 Nov 2023 15:42:01 GMT - 1.968 ms
GET - /admin/logout - Wed, 08 Nov 2023 15:42:01 GMT - 2.968 ms
GET - /admin/logout - Wed, 08 Nov 2023 15:42:01 GMT - 4.237 ms
GET - /admin/logout - Wed, 08 Nov 2023 15:42:01 GMT - 1.459 ms
GET - /admin/logout - Wed, 08 Nov 2023 15:42:01 GMT - 2.326 ms
GET - /admin/logout - Wed, 08 Nov 2023 15:42:01 GMT - 1.480 ms
GET - /admin/logout - Wed, 08 Nov 2023 15:42:01 GMT - 1.606 ms
GET - /admin/logout - Wed, 08 Nov 2023 15:42:01 GMT - 1.764 ms
GET - /admin/logout - Wed, 08 Nov 2023 15:42:01 GMT - 1.753 ms
GET - /admin/logout - Wed, 08 Nov 2023 15:42:01 GMT - 1.949 ms
GET - /mockServiceWorker.js - Wed, 08 Nov 2023 15:42:03 GMT - 0.723 ms
GET - /admin/logout - Wed, 08 Nov 2023 15:42:07 GMT - 2.086 ms
GET - /admin/logout - Wed, 08 Nov 2023 15:42:07 GMT - 2.232 ms
GET - /admin/logout - Wed, 08 Nov 2023 15:42:07 GMT - 2.022 ms
GET - /admin/logout - Wed, 08 Nov 2023 15:42:07 GMT - 2.894 ms
GET - /admin/logout - Wed, 08 Nov 2023 15:42:07 GMT - 2.872 ms
GET - /admin/logout - Wed, 08 Nov 2023 15:42:07 GMT - 1.529 ms
GET - /admin/logout - Wed, 08 Nov 2023 15:42:07 GMT - 1.626 ms
GET - /admin/logout - Wed, 08 Nov 2023 15:42:07 GMT - 2.215 ms
GET - /admin/logout - Wed, 08 Nov 2023 15:42:07 GMT - 1.903 ms
GET - /admin/logout - Wed, 08 Nov 2023 15:42:07 GMT - 1.767 ms
GET - /admin/logout - Wed, 08 Nov 2023 15:42:07 GMT - 1.946 ms
GET - /admin/logout - Wed, 08 Nov 2023 15:42:07 GMT - 1.786 ms
GET - /admin/logout - Wed, 08 Nov 2023 15:42:07 GMT - 3.999 ms
GET - /admin/logout - Wed, 08 Nov 2023 15:42:07 GMT - 3.299 ms
GET - /admin/logout - Wed, 08 Nov 2023 15:42:07 GMT - 2.585 ms
GET - /admin/logout - Wed, 08 Nov 2023 15:42:07 GMT - 3.886 ms
GET - /admin/logout - Wed, 08 Nov 2023 15:42:07 GMT - 3.454 ms
GET - /admin/logout - Wed, 08 Nov 2023 15:42:07 GMT - 2.120 ms
GET - /admin/logout - Wed, 08 Nov 2023 15:42:07 GMT - 2.413 ms
GET - /admin/logout - Wed, 08 Nov 2023 15:42:07 GMT - 1.443 ms
GET - /mockServiceWorker.js - Wed, 08 Nov 2023 15:42:08 GMT - 0.486 ms
GET - /admin/logout - Wed, 08 Nov 2023 15:42:11 GMT - 3.314 ms
GET - /admin/logout - Wed, 08 Nov 2023 15:42:11 GMT - 1.899 ms
GET - /admin/logout - Wed, 08 Nov 2023 15:42:11 GMT - 1.723 ms
GET - /admin/logout - Wed, 08 Nov 2023 15:42:11 GMT - 1.761 ms
GET - /admin/logout - Wed, 08 Nov 2023 15:42:11 GMT - 2.031 ms
GET - /admin/logout - Wed, 08 Nov 2023 15:42:11 GMT - 1.756 ms
GET - /admin/logout - Wed, 08 Nov 2023 15:42:11 GMT - 1.469 ms
GET - /admin/logout - Wed, 08 Nov 2023 15:42:11 GMT - 1.731 ms
GET - /admin/logout - Wed, 08 Nov 2023 15:42:11 GMT - 2.647 ms
GET - /admin/logout - Wed, 08 Nov 2023 15:42:11 GMT - 5.513 ms
GET - /admin/logout - Wed, 08 Nov 2023 15:42:11 GMT - 1.860 ms
GET - /admin/logout - Wed, 08 Nov 2023 15:42:11 GMT - 1.544 ms
GET - /admin/logout - Wed, 08 Nov 2023 15:42:11 GMT - 1.412 ms
GET - /admin/logout - Wed, 08 Nov 2023 15:42:11 GMT - 1.651 ms
GET - /admin/logout - Wed, 08 Nov 2023 15:42:11 GMT - 3.248 ms
GET - /admin/logout - Wed, 08 Nov 2023 15:42:11 GMT - 1.798 ms
GET - /admin/logout - Wed, 08 Nov 2023 15:42:11 GMT - 1.642 ms
GET - /admin/logout - Wed, 08 Nov 2023 15:42:11 GMT - 2.736 ms
GET - /admin/logout - Wed, 08 Nov 2023 15:42:12 GMT - 2.784 ms
GET - /admin/logout - Wed, 08 Nov 2023 15:42:12 GMT - 2.154 ms
GET - /mockServiceWorker.js - Wed, 08 Nov 2023 15:42:13 GMT - 0.847 ms
GET - /admin/logout - Wed, 08 Nov 2023 15:42:28 GMT - 23.496 ms
GET - /admin/login - Wed, 08 Nov 2023 15:42:32 GMT - 3355.112 ms
GET - /assets/css/style.css - Wed, 08 Nov 2023 15:42:32 GMT - 10.123 ms
GET - /assets/js/main.js - Wed, 08 Nov 2023 15:42:32 GMT - 1.821 ms
GET - /mockServiceWorker.js - Wed, 08 Nov 2023 15:42:35 GMT - 3.018 ms
POST - /admin/login - Wed, 08 Nov 2023 15:42:36 GMT - 109.906 ms
GET - /admin/dashboard - Wed, 08 Nov 2023 15:42:36 GMT - 74.205 ms
GET - /assets/css/style.css - Wed, 08 Nov 2023 15:42:36 GMT - 2.431 ms
GET - /mockServiceWorker.js - Wed, 08 Nov 2023 15:42:39 GMT - 0.588 ms
GET - /admin/logout - Wed, 08 Nov 2023 15:42:44 GMT - 6.697 ms
GET - /admin/login - Wed, 08 Nov 2023 15:42:44 GMT - 30.008 ms
GET - /assets/css/style.css - Wed, 08 Nov 2023 15:42:45 GMT - 4.355 ms
GET - /assets/js/main.js - Wed, 08 Nov 2023 15:42:45 GMT - 5.955 ms
GET - /mockServiceWorker.js - Wed, 08 Nov 2023 15:42:48 GMT - 0.937 ms
POST - /admin/login - Wed, 08 Nov 2023 15:43:11 GMT - 67.172 ms
GET - /admin/dashboard - Wed, 08 Nov 2023 15:43:13 GMT - 2167.115 ms
GET - /assets/css/style.css - Wed, 08 Nov 2023 15:43:13 GMT - 12.732 ms
GET - /mockServiceWorker.js - Wed, 08 Nov 2023 15:43:16 GMT - 3.969 ms
GET - /admin/logout - Wed, 08 Nov 2023 15:43:38 GMT - 15.850 ms
GET - /admin/login - Wed, 08 Nov 2023 15:43:41 GMT - 2947.465 ms
GET - /assets/css/style.css - Wed, 08 Nov 2023 15:43:41 GMT - 17.859 ms
GET - /assets/js/main.js - Wed, 08 Nov 2023 15:43:41 GMT - 1.819 ms
POST - /admin/login - Wed, 08 Nov 2023 15:43:44 GMT - 122.106 ms
GET - /admin/dashboard - Wed, 08 Nov 2023 15:43:44 GMT - 80.127 ms
GET - /mockServiceWorker.js - Wed, 08 Nov 2023 15:43:44 GMT - 1.874 ms
GET - /assets/css/style.css - Wed, 08 Nov 2023 15:43:44 GMT - 1.601 ms
GET - /mockServiceWorker.js - Wed, 08 Nov 2023 15:43:47 GMT - 4.608 ms
GET - /admin/logout - Wed, 08 Nov 2023 15:44:19 GMT - 17.365 ms
GET - /admin/login - Wed, 08 Nov 2023 15:44:21 GMT - 2052.449 ms
GET - /assets/css/style.css - Wed, 08 Nov 2023 15:44:21 GMT - 9.171 ms
GET - /assets/js/main.js - Wed, 08 Nov 2023 15:44:21 GMT - 1.836 ms
GET - /mockServiceWorker.js - Wed, 08 Nov 2023 15:44:24 GMT - 4.246 ms
POST - /admin/login - Wed, 08 Nov 2023 15:44:25 GMT - 54.482 ms
GET - /admin/dashboard - Wed, 08 Nov 2023 15:44:25 GMT - 79.568 ms
GET - /assets/css/style.css - Wed, 08 Nov 2023 15:44:25 GMT - 2.719 ms
GET - /mockServiceWorker.js - Wed, 08 Nov 2023 15:44:28 GMT - 2.413 ms
GET - /mockServiceWorker.js - Wed, 08 Nov 2023 15:46:50 GMT - 13.875 ms
GET - /mockServiceWorker.js - Wed, 08 Nov 2023 15:52:20 GMT - 10.134 ms
GET - /api/posts - Wed, 08 Nov 2023 15:55:25 GMT - 13.415 ms
GET - /mockServiceWorker.js - Wed, 08 Nov 2023 15:55:28 GMT - 10.326 ms
GET - /mockServiceWorker.js - Wed, 08 Nov 2023 15:57:50 GMT - 5.236 ms
GET - /mockServiceWorker.js - Wed, 08 Nov 2023 16:03:21 GMT - 17.203 ms
GET - /mockServiceWorker.js - Wed, 08 Nov 2023 16:08:51 GMT - 7.007 ms
GET - /mockServiceWorker.js - Wed, 08 Nov 2023 16:14:21 GMT - 8.711 ms
GET - /mockServiceWorker.js - Wed, 08 Nov 2023 16:19:51 GMT - 2.683 ms
GET - /mockServiceWorker.js - Wed, 08 Nov 2023 16:25:21 GMT - 0.661 ms
GET - /mockServiceWorker.js - Wed, 08 Nov 2023 16:30:51 GMT - 2.981 ms
GET - /mockServiceWorker.js - Wed, 08 Nov 2023 16:36:21 GMT - 4.733 ms
GET - /mockServiceWorker.js - Wed, 08 Nov 2023 16:41:51 GMT - 2.965 ms
GET - /mockServiceWorker.js - Wed, 08 Nov 2023 16:47:21 GMT - 2.646 ms
GET - /mockServiceWorker.js - Wed, 08 Nov 2023 16:52:51 GMT - 1.334 ms
GET - /mockServiceWorker.js - Wed, 08 Nov 2023 16:58:21 GMT - 1.741 ms
GET - /mockServiceWorker.js - Wed, 08 Nov 2023 17:03:52 GMT - 6.559 ms
GET - /mockServiceWorker.js - Wed, 08 Nov 2023 17:09:22 GMT - 1.574 ms
GET - /mockServiceWorker.js - Wed, 08 Nov 2023 17:14:52 GMT - 3.267 ms
GET - /mockServiceWorker.js - Wed, 08 Nov 2023 17:20:22 GMT - 3.670 ms
GET - /mockServiceWorker.js - Wed, 08 Nov 2023 17:25:52 GMT - 2.201 ms
GET - /mockServiceWorker.js - Wed, 08 Nov 2023 17:31:22 GMT - 0.755 ms
GET - /mockServiceWorker.js - Wed, 08 Nov 2023 17:36:52 GMT - 1.405 ms
GET - /mockServiceWorker.js - Wed, 08 Nov 2023 17:42:22 GMT - 4.892 ms
GET - /mockServiceWorker.js - Wed, 08 Nov 2023 17:47:52 GMT - 16.066 ms
GET - / - Wed, 08 Nov 2023 17:51:04 GMT - 370.399 ms
GET - /mockServiceWorker.js - Wed, 08 Nov 2023 17:51:08 GMT - 0.868 ms
GET - /mockServiceWorker.js - Wed, 08 Nov 2023 17:53:22 GMT - 3.324 ms
GET - /mockServiceWorker.js - Wed, 08 Nov 2023 17:58:52 GMT - 3.905 ms
GET - /mockServiceWorker.js - Wed, 08 Nov 2023 18:04:23 GMT - 2.257 ms
GET - /mockServiceWorker.js - Wed, 08 Nov 2023 18:09:53 GMT - 0.672 ms
GET - / - Fri, 10 Nov 2023 14:29:20 GMT - 12.192 ms
GET - /post - Fri, 10 Nov 2023 14:30:59 GMT - 533.313 ms
POST - /post - Fri, 10 Nov 2023 14:31:09 GMT - 5.131 ms
POST - /api/post - Fri, 10 Nov 2023 14:31:36 GMT - 18.635 ms
POST - /api/post - Fri, 10 Nov 2023 14:37:58 GMT - 206.001 ms
POST - /api/post - Fri, 10 Nov 2023 14:39:25 GMT - 516.196 ms
POST - /api/post - Fri, 10 Nov 2023 14:39:55 GMT - 100.201 ms
DELETE - /api/post - Fri, 10 Nov 2023 14:40:04 GMT - 4.118 ms
DELETE - /api/post/6 - Fri, 10 Nov 2023 14:40:25 GMT - 3.225 ms
DELETE - /api/post/6 - Fri, 10 Nov 2023 14:40:36 GMT - 2.759 ms
